<?xml version="1.0" encoding="UTF-8"?>
<!-- Generated by org.testng.reporters.JUnitReportReporter -->
<testsuite hostname="DESKTOP-M6SGMVL" failures="0" tests="1" name="Operations.PostRequest" time="5.720" errors="0" timestamp="2022-11-04T15:50:37 IST" skipped="0">
  <testcase classname="Operations.PostRequest" name="post" time="5.720"/>
  <system-out/>
</testsuite> <!-- Operations.PostRequest -->
