<?xml version="1.0" encoding="UTF-8"?>
<!-- Generated by org.testng.reporters.JUnitReportReporter -->
<testsuite hostname="DESKTOP-M6SGMVL" failures="0" tests="1" name="Operations.GetId" time="3.973" errors="0" timestamp="2022-11-04T15:52:18 IST" skipped="0">
  <testcase classname="Operations.GetId" name="getById" time="3.973"/>
  <system-out/>
</testsuite> <!-- Operations.GetId -->
