<?xml version="1.0" encoding="UTF-8"?>
<!-- Generated by org.testng.reporters.JUnitReportReporter -->
<testsuite hostname="DESKTOP-M6SGMVL" failures="0" tests="1" name="Operations.DeleteRequest" time="4.099" errors="0" timestamp="2022-11-04T16:05:10 IST" skipped="0">
  <testcase classname="Operations.DeleteRequest" name="deleteById" time="4.099"/>
  <system-out/>
</testsuite> <!-- Operations.DeleteRequest -->
