<?xml version="1.0" encoding="UTF-8"?>
<!-- Generated by org.testng.reporters.JUnitReportReporter -->
<testsuite hostname="DESKTOP-M6SGMVL" failures="0" tests="1" name="Operations.GetAll" time="4.240" errors="0" timestamp="2022-11-04T15:52:40 IST" skipped="0">
  <testcase classname="Operations.GetAll" name="getAll" time="4.240"/>
  <system-out/>
</testsuite> <!-- Operations.GetAll -->
