<?xml version="1.0" encoding="UTF-8"?>
<!-- Generated by org.testng.reporters.JUnitReportReporter -->
<testsuite hostname="DESKTOP-M6SGMVL" failures="0" tests="1" name="Operations.GetRequest" time="4.282" errors="0" timestamp="2022-11-04T15:50:15 IST" skipped="0">
  <testcase classname="Operations.GetRequest" name="get" time="4.282"/>
  <system-out/>
</testsuite> <!-- Operations.GetRequest -->
